#
# There is insufficient memory for the Java Runtime Environment to continue.
# Native memory allocation (malloc) failed to allocate 32744 bytes for ChunkPool::allocate
# Possible reasons:
#   The system is out of physical RAM or swap space
#   In 32 bit mode, the process size limit was hit
# Possible solutions:
#   Reduce memory load on the system
#   Increase physical memory or swap space
#   Check if swap backing store is full
#   Use 64 bit Java on a 64 bit OS
#   Decrease Java heap size (-Xmx/-Xms)
#   Decrease number of Java threads
#   Decrease Java thread stack sizes (-Xss)
#   Set larger code cache with -XX:ReservedCodeCacheSize=
# This output file may be truncated or incomplete.
#
#  Out of Memory Error (allocation.cpp:273), pid=5984, tid=0x0000000000001214
#
# JRE version: OpenJDK Runtime Environment (8.0_152-b01) (build 1.8.0_152-release-915-b01)
# Java VM: OpenJDK 64-Bit Server VM (25.152-b01 mixed mode windows-amd64 compressed oops)
# Failed to write core dump. Minidumps are not enabled by default on client versions of Windows
#

---------------  T H R E A D  ---------------

Current thread (0x0000000008a98000):  JavaThread "C2 CompilerThread0" daemon [_thread_in_native, id=4628, stack(0x000000000a270000,0x000000000a370000)]

Stack: [0x000000000a270000,0x000000000a370000]
[error occurred during error reporting (printing stack bounds), id 0xc0000005]

Native frames: (J=compiled Java code, j=interpreted, Vv=VM code, C=native code)


Current CompileTask:
C2:7969742 19690       4       com.sun.org.apache.xerces.internal.parsers.AbstractDOMParser::startElement (876 bytes)


---------------  P R O C E S S  ---------------

Java Threads: ( => current thread )
  0x0000000020b46000 JavaThread "Task worker for ':' Thread 7" [_thread_blocked, id=9476, stack(0x00000000268a0000,0x00000000269a0000)]
  0x000000000b0d9000 JavaThread "Task worker for ':' Thread 6" [_thread_blocked, id=9472, stack(0x0000000027e40000,0x0000000027f40000)]
  0x000000000b0d6000 JavaThread "Task worker for ':' Thread 5" [_thread_blocked, id=9468, stack(0x0000000026db0000,0x0000000026eb0000)]
  0x000000000b0d7800 JavaThread "Task worker for ':' Thread 4" [_thread_blocked, id=9464, stack(0x0000000027be0000,0x0000000027ce0000)]
  0x000000000b0db000 JavaThread "Task worker for ':' Thread 3" [_thread_blocked, id=9460, stack(0x0000000026c60000,0x0000000026d60000)]
  0x000000000b0d9800 JavaThread "Task worker for ':' Thread 2" [_thread_blocked, id=9456, stack(0x0000000026b20000,0x0000000026c20000)]
  0x000000000b0da800 JavaThread "Task worker for ':'" [_thread_blocked, id=9452, stack(0x0000000022820000,0x0000000022920000)]
  0x000000000b0d8000 JavaThread "Cache worker for task history cache (E:\Media\ExpressGC\.gradle\4.1\taskHistory)" [_thread_blocked, id=9448, stack(0x00000000269b0000,0x0000000026ab0000)]
  0x000000000b0dc000 JavaThread "Cache worker for file content cache (E:\Media\ExpressGC\.gradle\4.1\fileContent)" [_thread_blocked, id=9444, stack(0x0000000026280000,0x0000000026380000)]
  0x000000001f2b6800 JavaThread "build operations Thread 8" [_thread_blocked, id=9416, stack(0x0000000022a50000,0x0000000022b50000)]
  0x000000001f2c0800 JavaThread "build operations Thread 7" [_thread_blocked, id=9412, stack(0x0000000026110000,0x0000000026210000)]
  0x000000001f2b7800 JavaThread "build operations Thread 6" [_thread_blocked, id=9408, stack(0x0000000020f90000,0x0000000021090000)]
  0x000000001f2c2000 JavaThread "build operations Thread 5" [_thread_blocked, id=9404, stack(0x00000000220c0000,0x00000000221c0000)]
  0x000000001f2c2800 JavaThread "build operations Thread 4" [_thread_blocked, id=9400, stack(0x000000000a170000,0x000000000a270000)]
  0x000000001f2b9000 JavaThread "build operations Thread 3" [_thread_blocked, id=9396, stack(0x0000000021900000,0x0000000021a00000)]
  0x000000001f2bc000 JavaThread "build operations Thread 2" [_thread_blocked, id=9392, stack(0x0000000021fa0000,0x00000000220a0000)]
  0x000000001f2bf000 JavaThread "build operations" [_thread_blocked, id=9388, stack(0x0000000021db0000,0x0000000021eb0000)]
  0x000000001f2bf800 JavaThread "Cache worker for Artifact transforms cache (C:\Users\Administrator\.gradle\caches\transforms-1)" [_thread_blocked, id=9384, stack(0x0000000021bb0000,0x0000000021cb0000)]
  0x000000001f2b4800 JavaThread "Cache worker for file hash cache (E:\Media\ExpressGC\.gradle\4.1\fileHashes)" [_thread_blocked, id=9368, stack(0x0000000021a10000,0x0000000021b10000)]
  0x000000001f2ba800 JavaThread "Stdin handler" [_thread_blocked, id=9356, stack(0x000000000d850000,0x000000000d950000)]
  0x000000001f2bb000 JavaThread "Asynchronous log dispatcher for DefaultDaemonConnection: socket connection from /127.0.0.1:22248 to /127.0.0.1:1583" [_thread_blocked, id=9352, stack(0x000000000e390000,0x000000000e490000)]
  0x000000001f2c1000 JavaThread "Daemon worker Thread 10" [_thread_in_Java, id=9348, stack(0x000000000ea80000,0x000000000eb80000)]
  0x000000001f2b8000 JavaThread "Cancel handler" [_thread_blocked, id=9344, stack(0x000000000ddc0000,0x000000000dec0000)]
  0x000000001f2b9800 JavaThread "Handler for socket connection from /127.0.0.1:22248 to /127.0.0.1:1583" [_thread_in_native, id=9340, stack(0x000000000e070000,0x000000000e170000)]
  0x000000001f2be000 JavaThread "Daemon Thread 10" [_thread_blocked, id=9336, stack(0x000000000dc60000,0x000000000dd60000)]
  0x000000001f2bd800 JavaThread "Memory manager" [_thread_blocked, id=1700, stack(0x0000000022920000,0x0000000022a20000)]
  0x000000001f2bc800 JavaThread "pool-1-thread-1" [_thread_blocked, id=6972, stack(0x000000000e5e0000,0x000000000e6e0000)]
  0x000000000bf3b000 JavaThread "File lock request listener" [_thread_in_native, id=4428, stack(0x000000000e6f0000,0x000000000e7f0000)]
  0x000000000bf6b800 JavaThread "Cache worker for file hash cache (C:\Users\Administrator\.gradle\caches\4.1\fileHashes)" [_thread_blocked, id=8272, stack(0x000000000e4e0000,0x000000000e5e0000)]
  0x000000000c228000 JavaThread "Daemon periodic checks" [_thread_blocked, id=8752, stack(0x000000000d720000,0x000000000d820000)]
  0x000000000c22b800 JavaThread "Incoming local TCP Connector on port 22248" [_thread_in_native, id=8316, stack(0x000000000a6c0000,0x000000000a7c0000)]
  0x0000000008b38800 JavaThread "Service Thread" daemon [_thread_blocked, id=8992, stack(0x000000000a9a0000,0x000000000aaa0000)]
  0x0000000008aa7000 JavaThread "C1 CompilerThread3" daemon [_thread_in_native, id=1084, stack(0x000000000a7d0000,0x000000000a8d0000)]
  0x0000000008aa6000 JavaThread "C2 CompilerThread2" daemon [_thread_in_native, id=8892, stack(0x000000000a570000,0x000000000a670000)]
  0x0000000008a9f800 JavaThread "C2 CompilerThread1" daemon [_thread_in_native, id=7836, stack(0x000000000a410000,0x000000000a510000)]
=>0x0000000008a98000 JavaThread "C2 CompilerThread0" daemon [_thread_in_native, id=4628, stack(0x000000000a270000,0x000000000a370000)]
  0x0000000008a97800 JavaThread "Attach Listener" daemon [_thread_blocked, id=6656, stack(0x000000000a070000,0x000000000a170000)]
  0x0000000008a96800 JavaThread "Signal Dispatcher" daemon [_thread_blocked, id=7220, stack(0x0000000009f50000,0x000000000a050000)]
  0x00000000078af000 JavaThread "Finalizer" daemon [_thread_blocked, id=8488, stack(0x0000000009df0000,0x0000000009ef0000)]
  0x00000000078a8000 JavaThread "Reference Handler" daemon [_thread_blocked, id=7240, stack(0x0000000009c20000,0x0000000009d20000)]
  0x00000000023be800 JavaThread "main" [_thread_blocked, id=4084, stack(0x0000000002640000,0x0000000002740000)]

Other Threads:
  0x00000000078a1000 VMThread [stack: 0x0000000009ae0000,0x0000000009be0000] [id=7036]
  0x0000000008afa000 WatcherThread [stack: 0x0000000009980000,0x0000000009a80000] [id=8920]

VM state:not at safepoint (normal execution)

VM Mutex/Monitor currently owned by a thread: None

Heap:
 PSYoungGen      total 493056K, used 147031K [0x00000000e0000000, 0x0000000100000000, 0x0000000100000000)
  eden space 463872K, 29% used [0x00000000e0000000,0x00000000e83f5e08,0x00000000fc500000)
  from space 29184K, 40% used [0x00000000fe080000,0x00000000fec200e0,0x00000000ffd00000)
  to   space 28160K, 0% used [0x00000000fc500000,0x00000000fc500000,0x00000000fe080000)
 ParOldGen       total 115712K, used 65164K [0x00000000a0000000, 0x00000000a7100000, 0x00000000e0000000)
  object space 115712K, 56% used [0x00000000a0000000,0x00000000a3fa3008,0x00000000a7100000)
 Metaspace       used 79675K, capacity 85756K, committed 85888K, reserved 1124352K
  class space    used 10256K, capacity 11640K, committed 11648K, reserved 1048576K

Card table byte_map: [0x0000000002b00000,0x0000000002e10000] byte_map_base: 0x0000000002600000

Marking Bits: (ParMarkBitMap*) 0x0000000050a93950
 Begin Bits: [0x0000000003bc0000, 0x00000000053c0000)
 End Bits:   [0x00000000053c0000, 0x0000000006bc0000)

Polling page: 0x0000000000340000

CodeCache: size=245760Kb used=53616Kb max_used=53793Kb free=192143Kb
 bounds [0x000000000f010000, 0x0000000012500000, 0x000000001e010000]
 total_blobs=16548 nmethods=15702 adapters=758
 compilation: enabled

Compilation events (10 events):
Event: 7966.656 Thread 0x0000000008aa7000 nmethod 19678 0x000000000f55de10 code [0x000000000f55df80, 0x000000000f55e130]
Event: 7966.658 Thread 0x0000000008aa7000 19679       2       com.sun.org.apache.xerces.internal.util.AugmentationsImpl::getItem (9 bytes)
Event: 7966.658 Thread 0x0000000008aa7000 nmethod 19679 0x000000000f59fe50 code [0x000000000f59ffc0, 0x000000000f5a0148]
Event: 7966.658 Thread 0x0000000008a98000 nmethod 19688% 0x000000000fa4fbd0 code [0x000000000fa4fd60, 0x000000000fa506e8]
Event: 7966.658 Thread 0x0000000008a98000 19690       4       com.sun.org.apache.xerces.internal.parsers.AbstractDOMParser::startElement (876 bytes)
Event: 7966.659 Thread 0x0000000008aa7000 19673       2       com.sun.org.apache.xerces.internal.dom.DeferredDocumentImpl::setDeferredAttribute (227 bytes)
Event: 7966.661 Thread 0x0000000008aa7000 nmethod 19673 0x000000000fdf4bd0 code [0x000000000fdf4dc0, 0x000000000fdf52e8]
Event: 7966.669 Thread 0x0000000008aa7000 19692       3       com.google.common.collect.AbstractMultimap::<init> (5 bytes)
Event: 7966.669 Thread 0x0000000008aa7000 nmethod 19692 0x0000000010b54150 code [0x0000000010b542a0, 0x0000000010b54450]
Event: 7966.672 Thread 0x0000000008aa7000 19693       3       com.sun.org.apache.xerces.internal.dom.DeferredDocumentImpl::getNodeObject (510 bytes)

GC Heap History (10 events):
Event: 1079.622 GC heap before
{Heap before GC invocations=15 (full 3):
 PSYoungGen      total 486912K, used 486860K [0x00000000e0000000, 0x0000000100000000, 0x0000000100000000)
  eden space 465920K, 100% used [0x00000000e0000000,0x00000000fc700000,0x00000000fc700000)
  from space 20992K, 99% used [0x00000000fc700000,0x00000000fdb73280,0x00000000fdb80000)
  to   space 30208K, 0% used [0x00000000fe280000,0x00000000fe280000,0x0000000100000000)
 ParOldGen       total 115712K, used 53690K [0x00000000a0000000, 0x00000000a7100000, 0x00000000e0000000)
  object space 115712K, 46% used [0x00000000a0000000,0x00000000a346eba8,0x00000000a7100000)
 Metaspace       used 76754K, capacity 80900K, committed 81152K, reserved 1120256K
  class space    used 9968K, capacity 10928K, committed 11008K, reserved 1048576K
Event: 1079.646 GC heap after
Heap after GC invocations=15 (full 3):
 PSYoungGen      total 493056K, used 20464K [0x00000000e0000000, 0x0000000100000000, 0x0000000100000000)
  eden space 462848K, 0% used [0x00000000e0000000,0x00000000e0000000,0x00000000fc400000)
  from space 30208K, 67% used [0x00000000fe280000,0x00000000ff67c2a0,0x0000000100000000)
  to   space 30720K, 0% used [0x00000000fc400000,0x00000000fc400000,0x00000000fe200000)
 ParOldGen       total 115712K, used 62628K [0x00000000a0000000, 0x00000000a7100000, 0x00000000e0000000)
  object space 115712K, 54% used [0x00000000a0000000,0x00000000a3d29078,0x00000000a7100000)
 Metaspace       used 76754K, capacity 80900K, committed 81152K, reserved 1120256K
  class space    used 9968K, capacity 10928K, committed 11008K, reserved 1048576K
}
Event: 3505.540 GC heap before
{Heap before GC invocations=16 (full 3):
 PSYoungGen      total 493056K, used 483312K [0x00000000e0000000, 0x0000000100000000, 0x0000000100000000)
  eden space 462848K, 100% used [0x00000000e0000000,0x00000000fc400000,0x00000000fc400000)
  from space 30208K, 67% used [0x00000000fe280000,0x00000000ff67c2a0,0x0000000100000000)
  to   space 30720K, 0% used [0x00000000fc400000,0x00000000fc400000,0x00000000fe200000)
 ParOldGen       total 115712K, used 62628K [0x00000000a0000000, 0x00000000a7100000, 0x00000000e0000000)
  object space 115712K, 54% used [0x00000000a0000000,0x00000000a3d29078,0x00000000a7100000)
 Metaspace       used 77799K, capacity 82436K, committed 82560K, reserved 1120256K
  class space    used 10046K, capacity 11132K, committed 11136K, reserved 1048576K
Event: 3505.555 GC heap after
Heap after GC invocations=16 (full 3):
 PSYoungGen      total 484352K, used 21291K [0x00000000e0000000, 0x0000000100000000, 0x0000000100000000)
  eden space 462848K, 0% used [0x00000000e0000000,0x00000000e0000000,0x00000000fc400000)
  from space 21504K, 99% used [0x00000000fc400000,0x00000000fd8cacc0,0x00000000fd900000)
  to   space 31232K, 0% used [0x00000000fe180000,0x00000000fe180000,0x0000000100000000)
 ParOldGen       total 115712K, used 63238K [0x00000000a0000000, 0x00000000a7100000, 0x00000000e0000000)
  object space 115712K, 54% used [0x00000000a0000000,0x00000000a3dc1888,0x00000000a7100000)
 Metaspace       used 77799K, capacity 82436K, committed 82560K, reserved 1120256K
  class space    used 10046K, capacity 11132K, committed 11136K, reserved 1048576K
}
Event: 3629.105 GC heap before
{Heap before GC invocations=17 (full 3):
 PSYoungGen      total 484352K, used 484139K [0x00000000e0000000, 0x0000000100000000, 0x0000000100000000)
  eden space 462848K, 100% used [0x00000000e0000000,0x00000000fc400000,0x00000000fc400000)
  from space 21504K, 99% used [0x00000000fc400000,0x00000000fd8cacc0,0x00000000fd900000)
  to   space 31232K, 0% used [0x00000000fe180000,0x00000000fe180000,0x0000000100000000)
 ParOldGen       total 115712K, used 63238K [0x00000000a0000000, 0x00000000a7100000, 0x00000000e0000000)
  object space 115712K, 54% used [0x00000000a0000000,0x00000000a3dc1888,0x00000000a7100000)
 Metaspace       used 78837K, capacity 84354K, committed 84480K, reserved 1122304K
  class space    used 10181K, capacity 11435K, committed 11520K, reserved 1048576K
Event: 3629.120 GC heap after
Heap after GC invocations=17 (full 3):
 PSYoungGen      total 494080K, used 14816K [0x00000000e0000000, 0x0000000100000000, 0x0000000100000000)
  eden space 462848K, 0% used [0x00000000e0000000,0x00000000e0000000,0x00000000fc400000)
  from space 31232K, 47% used [0x00000000fe180000,0x00000000feff8210,0x0000000100000000)
  to   space 30208K, 0% used [0x00000000fc400000,0x00000000fc400000,0x00000000fe180000)
 ParOldGen       total 115712K, used 64114K [0x00000000a0000000, 0x00000000a7100000, 0x00000000e0000000)
  object space 115712K, 55% used [0x00000000a0000000,0x00000000a3e9c860,0x00000000a7100000)
 Metaspace       used 78837K, capacity 84354K, committed 84480K, reserved 1122304K
  class space    used 10181K, capacity 11435K, committed 11520K, reserved 1048576K
}
Event: 4707.917 GC heap before
{Heap before GC invocations=18 (full 3):
 PSYoungGen      total 494080K, used 477664K [0x00000000e0000000, 0x0000000100000000, 0x0000000100000000)
  eden space 462848K, 100% used [0x00000000e0000000,0x00000000fc400000,0x00000000fc400000)
  from space 31232K, 47% used [0x00000000fe180000,0x00000000feff8210,0x0000000100000000)
  to   space 30208K, 0% used [0x00000000fc400000,0x00000000fc400000,0x00000000fe180000)
 ParOldGen       total 115712K, used 64114K [0x00000000a0000000, 0x00000000a7100000, 0x00000000e0000000)
  object space 115712K, 55% used [0x00000000a0000000,0x00000000a3e9c860,0x00000000a7100000)
 Metaspace       used 79241K, capacity 84970K, committed 85120K, reserved 1122304K
  class space    used 10219K, capacity 11545K, committed 11648K, reserved 1048576K
Event: 4707.926 GC heap after
Heap after GC invocations=18 (full 3):
 PSYoungGen      total 476160K, used 12880K [0x00000000e0000000, 0x00000000ffd00000, 0x0000000100000000)
  eden space 462848K, 0% used [0x00000000e0000000,0x00000000e0000000,0x00000000fc400000)
  from space 13312K, 96% used [0x00000000fc400000,0x00000000fd094280,0x00000000fd100000)
  to   space 29184K, 0% used [0x00000000fe080000,0x00000000fe080000,0x00000000ffd00000)
 ParOldGen       total 115712K, used 65156K [0x00000000a0000000, 0x00000000a7100000, 0x00000000e0000000)
  object space 115712K, 56% used [0x00000000a0000000,0x00000000a3fa1008,0x00000000a7100000)
 Metaspace       used 79241K, capacity 84970K, committed 85120K, reserved 1122304K
  class space    used 10219K, capacity 11545K, committed 11648K, reserved 1048576K
}
Event: 5393.656 GC heap before
{Heap before GC invocations=19 (full 3):
 PSYoungGen      total 476160K, used 475728K [0x00000000e0000000, 0x00000000ffd00000, 0x0000000100000000)
  eden space 462848K, 100% used [0x00000000e0000000,0x00000000fc400000,0x00000000fc400000)
  from space 13312K, 96% used [0x00000000fc400000,0x00000000fd094280,0x00000000fd100000)
  to   space 29184K, 0% used [0x00000000fe080000,0x00000000fe080000,0x00000000ffd00000)
 ParOldGen       total 115712K, used 65156K [0x00000000a0000000, 0x00000000a7100000, 0x00000000e0000000)
  object space 115712K, 56% used [0x00000000a0000000,0x00000000a3fa1008,0x00000000a7100000)
 Metaspace       used 79575K, capacity 85486K, committed 85632K, reserved 1124352K
  class space    used 10239K, capacity 11597K, committed 11648K, reserved 1048576K
Event: 5393.710 GC heap after
Heap after GC invocations=19 (full 3):
 PSYoungGen      total 493056K, used 11904K [0x00000000e0000000, 0x0000000100000000, 0x0000000100000000)
  eden space 463872K, 0% used [0x00000000e0000000,0x00000000e0000000,0x00000000fc500000)
  from space 29184K, 40% used [0x00000000fe080000,0x00000000fec200e0,0x00000000ffd00000)
  to   space 28160K, 0% used [0x00000000fc500000,0x00000000fc500000,0x00000000fe080000)
 ParOldGen       total 115712K, used 65164K [0x00000000a0000000, 0x00000000a7100000, 0x00000000e0000000)
  object space 115712K, 56% used [0x00000000a0000000,0x00000000a3fa3008,0x00000000a7100000)
 Metaspace       used 79575K, capacity 85486K, committed 85632K, reserved 1124352K
  class space    used 10239K, capacity 11597K, committed 11648K, reserved 1048576K
}

Deoptimization events (10 events):
Event: 7966.669 Thread 0x000000001f2c1000 Uncommon trap: reason=unstable_if action=reinterpret pc=0x00000000103191a0 method=com.sun.org.apache.xerces.internal.dom.DeferredDocumentImpl.getNodeValueString(IZ)Ljava/lang/String; @ 73
Event: 7966.669 Thread 0x000000001f2c1000 Uncommon trap: reason=speculate_class_check action=maybe_recompile pc=0x000000000fb54870 method=com.sun.org.apache.xerces.internal.dom.ParentNode.getChildNodes()Lorg/w3c/dom/NodeList; @ 8
Event: 7966.669 Thread 0x000000001f2c1000 Uncommon trap: reason=class_check action=maybe_recompile pc=0x0000000010c89974 method=com.sun.org.apache.xerces.internal.dom.NodeImpl.ownerDocument()Lcom/sun/org/apache/xerces/internal/dom/CoreDocumentImpl; @ 19
Event: 7966.669 Thread 0x000000001f2c1000 Uncommon trap: reason=bimorphic action=maybe_recompile pc=0x0000000010e0731c method=com.sun.org.apache.xerces.internal.dom.AttributeMap.setNamedItem(Lorg/w3c/dom/Node;)Lorg/w3c/dom/Node; @ 43
Event: 7966.669 Thread 0x000000001f2c1000 Uncommon trap: reason=class_check action=maybe_recompile pc=0x0000000010c89974 method=com.sun.org.apache.xerces.internal.dom.NodeImpl.ownerDocument()Lcom/sun/org/apache/xerces/internal/dom/CoreDocumentImpl; @ 19
Event: 7966.669 Thread 0x000000001f2c1000 Uncommon trap: reason=unstable_if action=reinterpret pc=0x000000000fb31cac method=com.sun.org.apache.xerces.internal.dom.DeferredDocumentImpl.getPrevSibling(IZ)I @ 2
Event: 7966.671 Thread 0x000000001f2c1000 Uncommon trap: reason=speculate_class_check action=maybe_recompile pc=0x000000000fb54870 method=com.sun.org.apache.xerces.internal.dom.ParentNode.getChildNodes()Lorg/w3c/dom/NodeList; @ 8
Event: 7966.671 Thread 0x000000001f2c1000 Uncommon trap: reason=class_check action=maybe_recompile pc=0x0000000010c89974 method=com.sun.org.apache.xerces.internal.dom.NodeImpl.ownerDocument()Lcom/sun/org/apache/xerces/internal/dom/CoreDocumentImpl; @ 19
Event: 7966.671 Thread 0x000000001f2c1000 Uncommon trap: reason=speculate_class_check action=maybe_recompile pc=0x000000000fb54870 method=com.sun.org.apache.xerces.internal.dom.ParentNode.getChildNodes()Lorg/w3c/dom/NodeList; @ 8
Event: 7966.672 Thread 0x000000001f2c1000 Uncommon trap: reason=speculate_class_check action=maybe_recompile pc=0x000000000fb54870 method=com.sun.org.apache.xerces.internal.dom.ParentNode.getChildNodes()Lorg/w3c/dom/NodeList; @ 8

Classes redefined (0 events):
No events

Internal exceptions (10 events):
Event: 7965.031 Thread 0x000000001f2c1000 Exception <a 'sun/nio/fs/WindowsException'> (0x00000000e4c99368) thrown at [D:\src\AOSP-openjdk-cygwin\jdk8u\hotspot\src\share\vm\prims\jni.cpp, line 709]
Event: 7965.031 Thread 0x000000001f2c1000 Exception <a 'sun/nio/fs/WindowsException'> (0x00000000e4c99ef8) thrown at [D:\src\AOSP-openjdk-cygwin\jdk8u\hotspot\src\share\vm\prims\jni.cpp, line 709]
Event: 7965.039 Thread 0x000000001f2c1000 Exception <a 'sun/nio/fs/WindowsException'> (0x00000000e4c9cc78) thrown at [D:\src\AOSP-openjdk-cygwin\jdk8u\hotspot\src\share\vm\prims\jni.cpp, line 709]
Event: 7965.039 Thread 0x000000001f2c1000 Exception <a 'sun/nio/fs/WindowsException'> (0x00000000e4c9d758) thrown at [D:\src\AOSP-openjdk-cygwin\jdk8u\hotspot\src\share\vm\prims\jni.cpp, line 709]
Event: 7965.039 Thread 0x000000001f2c1000 Exception <a 'sun/nio/fs/WindowsException'> (0x00000000e4c9f280) thrown at [D:\src\AOSP-openjdk-cygwin\jdk8u\hotspot\src\share\vm\prims\jni.cpp, line 709]
Event: 7965.039 Thread 0x000000001f2c1000 Exception <a 'sun/nio/fs/WindowsException'> (0x00000000e4c9fd98) thrown at [D:\src\AOSP-openjdk-cygwin\jdk8u\hotspot\src\share\vm\prims\jni.cpp, line 709]
Event: 7965.039 Thread 0x000000001f2c1000 Exception <a 'sun/nio/fs/WindowsException'> (0x00000000e4ca2388) thrown at [D:\src\AOSP-openjdk-cygwin\jdk8u\hotspot\src\share\vm\prims\jni.cpp, line 709]
Event: 7965.039 Thread 0x000000001f2c1000 Exception <a 'sun/nio/fs/WindowsException'> (0x00000000e4ca2ee0) thrown at [D:\src\AOSP-openjdk-cygwin\jdk8u\hotspot\src\share\vm\prims\jni.cpp, line 709]
Event: 7965.039 Thread 0x000000001f2c1000 Exception <a 'sun/nio/fs/WindowsException'> (0x00000000e4ca4a80) thrown at [D:\src\AOSP-openjdk-cygwin\jdk8u\hotspot\src\share\vm\prims\jni.cpp, line 709]
Event: 7965.039 Thread 0x000000001f2c1000 Exception <a 'sun/nio/fs/WindowsException'> (0x00000000e4ca5610) thrown at [D:\src\AOSP-openjdk-cygwin\jdk8u\hotspot\src\share\vm\prims\jni.cpp, line 709]

Events (10 events):
Event: 7966.671 Thread 0x000000001f2c1000 DEOPT UNPACKING pc=0x000000000f05556a sp=0x000000000eb7b7f8 mode 2
Event: 7966.671 Thread 0x000000001f2c1000 Uncommon trap: trap_request=0xffffffde fr.pc=0x0000000010c89974
Event: 7966.671 Thread 0x000000001f2c1000 DEOPT PACKING pc=0x0000000010c89974 sp=0x000000000eb7b6a0
Event: 7966.671 Thread 0x000000001f2c1000 DEOPT UNPACKING pc=0x000000000f05556a sp=0x000000000eb7b638 mode 2
Event: 7966.671 Thread 0x000000001f2c1000 Uncommon trap: trap_request=0xffffff76 fr.pc=0x000000000fb54870
Event: 7966.671 Thread 0x000000001f2c1000 DEOPT PACKING pc=0x000000000fb54870 sp=0x000000000eb7b850
Event: 7966.671 Thread 0x000000001f2c1000 DEOPT UNPACKING pc=0x000000000f05556a sp=0x000000000eb7b7f8 mode 2
Event: 7966.672 Thread 0x000000001f2c1000 Uncommon trap: trap_request=0xffffff76 fr.pc=0x000000000fb54870
Event: 7966.672 Thread 0x000000001f2c1000 DEOPT PACKING pc=0x000000000fb54870 sp=0x000000000eb7b850
Event: 7966.672 Thread 0x000000001f2c1000 DEOPT UNPACKING pc=0x000000000f05556a sp=0x000000000eb7b7f8 mode 2


Dynamic libraries:
0x000000013f6c0000 - 0x000000013f6f1000 	D:\Android\Android Studio\jre\bin\java.exe
0x0000000077ac0000 - 0x0000000077c6a000 	C:\Windows\SYSTEM32\ntdll.dll
0x0000000077760000 - 0x000000007787f000 	C:\Windows\system32\kernel32.dll
0x000007fefd720000 - 0x000007fefd78a000 	C:\Windows\system32\KERNELBASE.dll
0x000007fefe460000 - 0x000007fefe53b000 	C:\Windows\system32\ADVAPI32.dll
0x000007fefdc00000 - 0x000007fefdc9f000 	C:\Windows\system32\msvcrt.dll
0x000007fefd9e0000 - 0x000007fefd9ff000 	C:\Windows\SYSTEM32\sechost.dll
0x000007fefded0000 - 0x000007fefdffd000 	C:\Windows\system32\RPCRT4.dll
0x0000000077880000 - 0x000000007797a000 	C:\Windows\system32\USER32.dll
0x000007fefe880000 - 0x000007fefe8e7000 	C:\Windows\system32\GDI32.dll
0x000007fefe5e0000 - 0x000007fefe5ee000 	C:\Windows\system32\LPK.dll
0x000007feffb40000 - 0x000007feffc0b000 	C:\Windows\system32\USP10.dll
0x000007fefbf50000 - 0x000007fefc144000 	C:\Windows\WinSxS\amd64_microsoft.windows.common-controls_6595b64144ccf1df_6.0.7601.18837_none_fa3b1e3d17594757\COMCTL32.dll
0x000007fefe5f0000 - 0x000007fefe661000 	C:\Windows\system32\SHLWAPI.dll
0x000007feffc10000 - 0x000007feffc3e000 	C:\Windows\system32\IMM32.DLL
0x000007fefe690000 - 0x000007fefe799000 	C:\Windows\system32\MSCTF.dll
0x000007fefd4b0000 - 0x000007fefd4e1000 	C:\Windows\system32\nvinitx.dll
0x000007fefd4a0000 - 0x000007fefd4ac000 	C:\Windows\system32\VERSION.dll
0x000000000f000000 - 0x000000000f006000 	C:\Program Files\NVIDIA Corporation\CoProcManager\detoured.dll
0x000007fefa9b0000 - 0x000007fefa9e2000 	C:\Program Files\NVIDIA Corporation\CoProcManager\nvd3d9wrapx.dll
0x000007fefdca0000 - 0x000007fefde77000 	C:\Windows\system32\SETUPAPI.dll
0x000007fefd950000 - 0x000007fefd986000 	C:\Windows\system32\CFGMGR32.dll
0x000007fefe7a0000 - 0x000007fefe87a000 	C:\Windows\system32\OLEAUT32.dll
0x000007fefda00000 - 0x000007fefdbfc000 	C:\Windows\system32\ole32.dll
0x000007fefd620000 - 0x000007fefd63a000 	C:\Windows\system32\DEVOBJ.dll
0x000007fefa8e0000 - 0x000007fefa902000 	C:\Program Files\NVIDIA Corporation\CoProcManager\nvdxgiwrapx.dll
0x00000000790c0000 - 0x0000000079192000 	D:\Android\Android Studio\jre\jre\bin\msvcr100.dll
0x00000000502d0000 - 0x0000000050b0e000 	D:\Android\Android Studio\jre\jre\bin\server\jvm.dll
0x000007fef8c60000 - 0x000007fef8c69000 	C:\Windows\system32\WSOCK32.dll
0x000007fefde80000 - 0x000007fefdecd000 	C:\Windows\system32\WS2_32.dll
0x000007feffdc0000 - 0x000007feffdc8000 	C:\Windows\system32\NSI.dll
0x000007fefd5d0000 - 0x000007fefd60b000 	C:\Windows\system32\WINMM.dll
0x0000000077c90000 - 0x0000000077c97000 	C:\Windows\system32\PSAPI.DLL
0x000007feefe60000 - 0x000007feefe6f000 	D:\Android\Android Studio\jre\jre\bin\verify.dll
0x000007feea690000 - 0x000007feea6b9000 	D:\Android\Android Studio\jre\jre\bin\java.dll
0x000007feec6f0000 - 0x000007feec706000 	D:\Android\Android Studio\jre\jre\bin\zip.dll
0x000007fefea80000 - 0x000007feff80a000 	C:\Windows\system32\SHELL32.dll
0x000007fefd590000 - 0x000007fefd59f000 	C:\Windows\system32\profapi.dll
0x000007feeb8e0000 - 0x000007feeb8fa000 	D:\Android\Android Studio\jre\jre\bin\net.dll
0x000007fefcca0000 - 0x000007fefccf5000 	C:\Windows\system32\mswsock.dll
0x000007fefcc90000 - 0x000007fefcc97000 	C:\Windows\System32\wship6.dll
0x000007feeb7b0000 - 0x000007feeb7c1000 	D:\Android\Android Studio\jre\jre\bin\nio.dll
0x000007feeb750000 - 0x000007feeb76e000 	C:\Users\Administrator\.gradle\native\25\windows-amd64\native-platform.dll
0x000007feec050000 - 0x000007feec05d000 	D:\Android\Android Studio\jre\jre\bin\management.dll
0x000007fefcd00000 - 0x000007fefcd17000 	C:\Windows\system32\CRYPTSP.dll
0x000007fefca00000 - 0x000007fefca47000 	C:\Windows\system32\rsaenh.dll
0x000007fefd9c0000 - 0x000007fefd9de000 	C:\Windows\system32\USERENV.dll
0x000007fefd390000 - 0x000007fefd39f000 	C:\Windows\system32\CRYPTBASE.dll
0x000007fefa3f0000 - 0x000007fefa417000 	C:\Windows\system32\IPHLPAPI.DLL
0x000007fefa3d0000 - 0x000007fefa3db000 	C:\Windows\system32\WINNSI.DLL
0x000007fef9c40000 - 0x000007fef9c58000 	C:\Windows\system32\dhcpcsvc.DLL
0x000007fef9c20000 - 0x000007fef9c31000 	C:\Windows\system32\dhcpcsvc6.DLL
0x000007fefd330000 - 0x000007fefd387000 	C:\Windows\system32\apphelp.dll

VM Arguments:
jvm_args: -Xmx1536m -Dfile.encoding=GBK -Duser.country=CN -Duser.language=zh -Duser.variant 
java_command: org.gradle.launcher.daemon.bootstrap.GradleDaemon 4.1
java_class_path (initial): C:\Users\Administrator\.gradle\wrapper\dists\gradle-4.1-all\bzyivzo6n839fup2jbap0tjew\gradle-4.1\lib\gradle-launcher-4.1.jar
Launcher Type: SUN_STANDARD

Environment Variables:
PATH=C:\ProgramData\Oracle\Java\javapath;G:\app\Administrator\product\11.2.0\client_2\bin;C:\Windows\system32;C:\Windows;C:\Windows\System32\Wbem;C:\Windows\System32\WindowsPowerShell\v1.0\;D:\UltraEdit;C:\Program Files (x86)\Windows Kits\8.1\Windows Performance Toolkit\;C:\Program Files\Microsoft SQL Server\110\Tools\Binn\;D:\nodejs\;C:\Program Files (x86)\OPOS\Epson2;C:\Program Files\EPSON\OPOS for .NET\Lib64;C:\Program Files\MySQL\MySQL Utilities 1.6\;C:\Users\Administrator\AppData\Roaming\npm
USERNAME=Administrator
OS=Windows_NT
PROCESSOR_IDENTIFIER=Intel64 Family 6 Model 42 Stepping 7, GenuineIntel



---------------  S Y S T E M  ---------------

OS: Windows 7 , 64 bit Build 7601 (6.1.7601.23915)

CPU:total 8 (initial active 8) (4 cores per cpu, 2 threads per core) family 6 model 42 stepping 7, cmov, cx8, fxsr, mmx, sse, sse2, sse3, ssse3, sse4.1, sse4.2, popcnt, avx, aes, clmul, ht, tsc, tscinvbit

Memory: 4k page, physical 8298336k(1231380k free), swap 8296476k(5152k free)

vm_info: OpenJDK 64-Bit Server VM (25.152-b01) for windows-amd64 JRE (1.8.0_152-release-915-b01), built by "builder" with MS VC++ 10.0 (VS2010)

time: Mon Dec 25 17:56:49 2017
elapsed time: 7966 seconds (0d 2h 12m 46s)

